<?xml version="1.0" encoding="UTF-8"?>
<testng-results skipped="0" failed="0" ignored="0" total="1" passed="1">
  <reporter-output>
  </reporter-output>
  <suite name="Default suite" duration-ms="2363" started-at="2022-06-09T11:52:04Z" finished-at="2022-06-09T11:52:07Z">
    <groups>
    </groups>
    <test name="Default test" duration-ms="2363" started-at="2022-06-09T11:52:04Z" finished-at="2022-06-09T11:52:07Z">
      <class name="com.restAPi.Sample">
        <test-method status="PASS" signature="login()[pri:0, instance:com.restAPi.Sample@cb5822]" name="login" duration-ms="2341" started-at="2022-06-09T11:52:04Z" finished-at="2022-06-09T11:52:07Z">
          <reporter-output>
          </reporter-output>
        </test-method> <!-- login -->
      </class> <!-- com.restAPi.Sample -->
    </test> <!-- Default test -->
  </suite> <!-- Default suite -->
</testng-results>
